19:19:35.319 INFO  manage.ApplicationManager Testing on Chrome Driver
19:19:36.861 INFO  tests.TestBase ******** Start test public void tests.LoginTests.loginNegativeTestWrongEmail()
19:19:36.863 INFO  manage.MyListener Start searching element by: By.xpath: //button[.='Sign Out']
19:19:46.892 INFO  manage.MyListener The element with locator By.xpath: //button[.='Sign Out']is found
19:19:46.894 INFO  manage.MyListener Start searching element by: By.xpath: //a[@href='/login']
19:19:46.932 INFO  manage.MyListener The element with locator By.xpath: //a[@href='/login']is found
19:19:47.048 INFO  manage.MyListener Start searching element by: By.xpath: //input[@name='email']
19:19:47.091 INFO  manage.MyListener The element with locator By.xpath: //input[@name='email']is found
19:19:47.368 INFO  manage.MyListener Start searching element by: By.xpath: //input[@name='password']
19:19:47.390 INFO  manage.MyListener The element with locator By.xpath: //input[@name='password']is found
19:19:47.570 INFO  manage.MyListener Start searching element by: By.xpath: //button[@type='submit']
19:19:47.596 INFO  manage.MyListener The element with locator By.xpath: //button[@type='submit']is found
19:19:49.243 INFO  tests.TestBase ******** Finish test ******
19:19:49.244 INFO  tests.TestBase ******** Start test public void tests.LoginTests.loginNegativeTestWrongPassword()
19:19:49.245 INFO  manage.MyListener Start searching element by: By.xpath: //button[.='Sign Out']
19:19:59.282 INFO  manage.MyListener The element with locator By.xpath: //button[.='Sign Out']is found
19:19:59.283 INFO  manage.MyListener Start searching element by: By.xpath: //a[@href='/login']
19:19:59.303 INFO  manage.MyListener The element with locator By.xpath: //a[@href='/login']is found
19:19:59.390 INFO  manage.MyListener Start searching element by: By.xpath: //input[@name='email']
19:19:59.412 INFO  manage.MyListener The element with locator By.xpath: //input[@name='email']is found
19:19:59.668 INFO  manage.MyListener Start searching element by: By.xpath: //input[@name='password']
19:19:59.699 INFO  manage.MyListener The element with locator By.xpath: //input[@name='password']is found
19:19:59.935 INFO  manage.MyListener Start searching element by: By.xpath: //button[@type='submit']
19:19:59.962 INFO  manage.MyListener The element with locator By.xpath: //button[@type='submit']is found
19:20:01.069 INFO  tests.TestBase ******** Finish test ******
19:20:01.111 INFO  tests.TestBase ******** Start test public void tests.LoginTests.loginPositiveTest(model.User)
19:20:01.112 INFO  manage.MyListener Start searching element by: By.xpath: //button[.='Sign Out']
19:20:11.143 INFO  manage.MyListener The element with locator By.xpath: //button[.='Sign Out']is found
19:20:11.149 INFO  manage.MyListener Start searching element by: By.xpath: //a[@href='/login']
19:20:11.171 INFO  manage.MyListener The element with locator By.xpath: //a[@href='/login']is found
19:20:11.223 INFO  manage.MyListener Start searching element by: By.xpath: //input[@name='email']
19:20:11.251 INFO  manage.MyListener The element with locator By.xpath: //input[@name='email']is found
19:20:11.451 INFO  manage.MyListener Start searching element by: By.xpath: //input[@name='password']
19:20:11.468 INFO  manage.MyListener The element with locator By.xpath: //input[@name='password']is found
19:20:11.669 INFO  manage.MyListener Start searching element by: By.xpath: //button[@type='submit']
19:20:11.688 INFO  manage.MyListener The element with locator By.xpath: //button[@type='submit']is found
19:20:11.741 INFO  manage.MyListener Start searching element by: By.xpath: //button[.='Sign Out']
19:20:15.223 INFO  manage.MyListener The element with locator By.xpath: //button[.='Sign Out']is found
19:20:15.225 INFO  tests.TestBase ******** Finish test ******
19:20:15.226 INFO  tests.TestBase ******** Start test public void tests.LoginTests.loginPositiveTest(model.User)
19:20:15.226 INFO  manage.MyListener Start searching element by: By.xpath: //button[.='Sign Out']
19:20:15.254 INFO  manage.MyListener The element with locator By.xpath: //button[.='Sign Out']is found
19:20:15.256 INFO  manage.MyListener Start searching element by: By.xpath: //button[.='Sign Out']
19:20:15.292 INFO  manage.MyListener The element with locator By.xpath: //button[.='Sign Out']is found
19:20:15.371 INFO  manage.MyListener Start searching element by: By.xpath: //a[@href='/login']
19:20:15.393 INFO  manage.MyListener The element with locator By.xpath: //a[@href='/login']is found
19:20:15.453 INFO  manage.MyListener Start searching element by: By.xpath: //input[@name='email']
19:20:15.470 INFO  manage.MyListener The element with locator By.xpath: //input[@name='email']is found
19:20:15.654 INFO  manage.MyListener Start searching element by: By.xpath: //input[@name='password']
19:20:15.667 INFO  manage.MyListener The element with locator By.xpath: //input[@name='password']is found
19:20:15.873 INFO  manage.MyListener Start searching element by: By.xpath: //button[@type='submit']
19:20:15.889 INFO  manage.MyListener The element with locator By.xpath: //button[@type='submit']is found
19:20:15.966 INFO  manage.MyListener Start searching element by: By.xpath: //button[.='Sign Out']
19:20:16.295 INFO  manage.MyListener The element with locator By.xpath: //button[.='Sign Out']is found
19:20:16.296 INFO  tests.TestBase ******** Finish test ******
19:20:16.296 INFO  tests.TestBase ******** Start test public void tests.LoginTests.loginPositiveTest(model.User)
19:20:16.296 INFO  manage.MyListener Start searching element by: By.xpath: //button[.='Sign Out']
19:20:16.325 INFO  manage.MyListener The element with locator By.xpath: //button[.='Sign Out']is found
19:20:16.325 INFO  manage.MyListener Start searching element by: By.xpath: //button[.='Sign Out']
19:20:16.340 INFO  manage.MyListener The element with locator By.xpath: //button[.='Sign Out']is found
19:20:16.396 INFO  manage.MyListener Start searching element by: By.xpath: //a[@href='/login']
19:20:16.418 INFO  manage.MyListener The element with locator By.xpath: //a[@href='/login']is found
19:20:16.479 INFO  manage.MyListener Start searching element by: By.xpath: //input[@name='email']
19:20:16.495 INFO  manage.MyListener The element with locator By.xpath: //input[@name='email']is found
19:20:16.661 INFO  manage.MyListener Start searching element by: By.xpath: //input[@name='password']
19:20:16.680 INFO  manage.MyListener The element with locator By.xpath: //input[@name='password']is found
19:20:16.841 INFO  manage.MyListener Start searching element by: By.xpath: //button[@type='submit']
19:20:16.874 INFO  manage.MyListener The element with locator By.xpath: //button[@type='submit']is found
19:20:16.942 INFO  manage.MyListener Start searching element by: By.xpath: //button[.='Sign Out']
19:20:17.268 INFO  manage.MyListener The element with locator By.xpath: //button[.='Sign Out']is found
19:20:17.269 INFO  tests.TestBase ******** Finish test ******
19:20:17.271 INFO  tests.TestBase ******** Start test public void tests.LoginTests.loginPositiveTest(model.User)
19:20:17.272 INFO  manage.MyListener Start searching element by: By.xpath: //button[.='Sign Out']
19:20:17.284 INFO  manage.MyListener The element with locator By.xpath: //button[.='Sign Out']is found
19:20:17.284 INFO  manage.MyListener Start searching element by: By.xpath: //button[.='Sign Out']
19:20:17.299 INFO  manage.MyListener The element with locator By.xpath: //button[.='Sign Out']is found
19:20:17.356 INFO  manage.MyListener Start searching element by: By.xpath: //a[@href='/login']
19:20:17.378 INFO  manage.MyListener The element with locator By.xpath: //a[@href='/login']is found
19:20:17.432 INFO  manage.MyListener Start searching element by: By.xpath: //input[@name='email']
19:20:17.457 INFO  manage.MyListener The element with locator By.xpath: //input[@name='email']is found
19:20:17.625 INFO  manage.MyListener Start searching element by: By.xpath: //input[@name='password']
19:20:17.644 INFO  manage.MyListener The element with locator By.xpath: //input[@name='password']is found
19:20:17.809 INFO  manage.MyListener Start searching element by: By.xpath: //button[@type='submit']
19:20:17.833 INFO  manage.MyListener The element with locator By.xpath: //button[@type='submit']is found
19:20:17.894 INFO  manage.MyListener Start searching element by: By.xpath: //button[.='Sign Out']
19:20:18.217 INFO  manage.MyListener The element with locator By.xpath: //button[.='Sign Out']is found
19:20:18.218 INFO  tests.TestBase ******** Finish test ******
19:20:18.218 INFO  tests.TestBase ******** Start test public void tests.LoginTests.loginPositiveTest(model.User)
19:20:18.218 INFO  manage.MyListener Start searching element by: By.xpath: //button[.='Sign Out']
19:20:18.236 INFO  manage.MyListener The element with locator By.xpath: //button[.='Sign Out']is found
19:20:18.236 INFO  manage.MyListener Start searching element by: By.xpath: //button[.='Sign Out']
19:20:18.267 INFO  manage.MyListener The element with locator By.xpath: //button[.='Sign Out']is found
19:20:18.330 INFO  manage.MyListener Start searching element by: By.xpath: //a[@href='/login']
19:20:18.343 INFO  manage.MyListener The element with locator By.xpath: //a[@href='/login']is found
19:20:18.385 INFO  manage.MyListener Start searching element by: By.xpath: //input[@name='email']
19:20:18.404 INFO  manage.MyListener The element with locator By.xpath: //input[@name='email']is found
19:20:18.576 INFO  manage.MyListener Start searching element by: By.xpath: //input[@name='password']
19:20:18.595 INFO  manage.MyListener The element with locator By.xpath: //input[@name='password']is found
19:20:18.780 INFO  manage.MyListener Start searching element by: By.xpath: //button[@type='submit']
19:20:18.798 INFO  manage.MyListener The element with locator By.xpath: //button[@type='submit']is found
19:20:18.857 INFO  manage.MyListener Start searching element by: By.xpath: //button[.='Sign Out']
19:20:19.186 INFO  manage.MyListener The element with locator By.xpath: //button[.='Sign Out']is found
19:20:19.187 INFO  tests.TestBase ******** Finish test ******
19:20:19.188 INFO  tests.TestBase ******** Start test public void tests.LoginTests.loginPositiveTest(model.User)
19:20:19.188 INFO  manage.MyListener Start searching element by: By.xpath: //button[.='Sign Out']
19:20:19.202 INFO  manage.MyListener The element with locator By.xpath: //button[.='Sign Out']is found
19:20:19.202 INFO  manage.MyListener Start searching element by: By.xpath: //button[.='Sign Out']
19:20:19.217 INFO  manage.MyListener The element with locator By.xpath: //button[.='Sign Out']is found
19:20:19.285 INFO  manage.MyListener Start searching element by: By.xpath: //a[@href='/login']
19:20:19.314 INFO  manage.MyListener The element with locator By.xpath: //a[@href='/login']is found
19:20:19.366 INFO  manage.MyListener Start searching element by: By.xpath: //input[@name='email']
19:20:19.390 INFO  manage.MyListener The element with locator By.xpath: //input[@name='email']is found
19:20:19.562 INFO  manage.MyListener Start searching element by: By.xpath: //input[@name='password']
19:20:19.578 INFO  manage.MyListener The element with locator By.xpath: //input[@name='password']is found
19:20:19.701 INFO  manage.MyListener Start searching element by: By.xpath: //button[@type='submit']
19:20:19.716 INFO  manage.MyListener The element with locator By.xpath: //button[@type='submit']is found
19:20:19.773 INFO  manage.MyListener Start searching element by: By.xpath: //button[.='Sign Out']
19:20:20.474 INFO  manage.MyListener The element with locator By.xpath: //button[.='Sign Out']is found
19:20:20.475 INFO  tests.TestBase ******** Finish test ******
19:20:20.476 INFO  tests.TestBase ******** Start test public void tests.LoginTests.loginPositiveTest(model.User)
19:20:20.476 INFO  manage.MyListener Start searching element by: By.xpath: //button[.='Sign Out']
19:20:20.491 INFO  manage.MyListener The element with locator By.xpath: //button[.='Sign Out']is found
19:20:20.492 INFO  manage.MyListener Start searching element by: By.xpath: //button[.='Sign Out']
19:20:20.504 INFO  manage.MyListener The element with locator By.xpath: //button[.='Sign Out']is found
19:20:20.566 INFO  manage.MyListener Start searching element by: By.xpath: //a[@href='/login']
19:20:20.585 INFO  manage.MyListener The element with locator By.xpath: //a[@href='/login']is found
19:20:20.631 INFO  manage.MyListener Start searching element by: By.xpath: //input[@name='email']
19:20:20.693 INFO  manage.MyListener The element with locator By.xpath: //input[@name='email']is found
19:20:20.873 INFO  manage.MyListener Start searching element by: By.xpath: //input[@name='password']
19:20:20.900 INFO  manage.MyListener The element with locator By.xpath: //input[@name='password']is found
19:20:21.116 INFO  manage.MyListener Start searching element by: By.xpath: //button[@type='submit']
19:20:21.133 INFO  manage.MyListener The element with locator By.xpath: //button[@type='submit']is found
19:20:21.203 INFO  manage.MyListener Start searching element by: By.xpath: //button[.='Sign Out']
19:20:21.797 INFO  manage.MyListener The element with locator By.xpath: //button[.='Sign Out']is found
19:20:21.798 INFO  tests.TestBase ******** Finish test ******
19:20:21.799 INFO  tests.TestBase ******** Start test public void tests.LoginTests.loginPositiveTest(model.User)
19:20:21.799 INFO  manage.MyListener Start searching element by: By.xpath: //button[.='Sign Out']
19:20:21.828 INFO  manage.MyListener The element with locator By.xpath: //button[.='Sign Out']is found
19:20:21.829 INFO  manage.MyListener Start searching element by: By.xpath: //button[.='Sign Out']
19:20:21.841 INFO  manage.MyListener The element with locator By.xpath: //button[.='Sign Out']is found
19:20:21.913 INFO  manage.MyListener Start searching element by: By.xpath: //a[@href='/login']
19:20:21.938 INFO  manage.MyListener The element with locator By.xpath: //a[@href='/login']is found
19:20:22.012 INFO  manage.MyListener Start searching element by: By.xpath: //input[@name='email']
19:20:22.046 INFO  manage.MyListener The element with locator By.xpath: //input[@name='email']is found
19:20:22.271 INFO  manage.MyListener Start searching element by: By.xpath: //input[@name='password']
19:20:22.291 INFO  manage.MyListener The element with locator By.xpath: //input[@name='password']is found
19:20:22.498 INFO  manage.MyListener Start searching element by: By.xpath: //button[@type='submit']
19:20:22.526 INFO  manage.MyListener The element with locator By.xpath: //button[@type='submit']is found
19:20:22.596 INFO  manage.MyListener Start searching element by: By.xpath: //button[.='Sign Out']
19:20:23.128 INFO  manage.MyListener The element with locator By.xpath: //button[.='Sign Out']is found
19:20:23.128 INFO  tests.TestBase ******** Finish test ******
19:20:23.129 INFO  tests.TestBase ******** Start test public void tests.LoginTests.loginPositiveTest(model.User)
19:20:23.129 INFO  manage.MyListener Start searching element by: By.xpath: //button[.='Sign Out']
19:20:23.148 INFO  manage.MyListener The element with locator By.xpath: //button[.='Sign Out']is found
19:20:23.148 INFO  manage.MyListener Start searching element by: By.xpath: //button[.='Sign Out']
19:20:23.162 INFO  manage.MyListener The element with locator By.xpath: //button[.='Sign Out']is found
19:20:23.230 INFO  manage.MyListener Start searching element by: By.xpath: //a[@href='/login']
19:20:23.263 INFO  manage.MyListener The element with locator By.xpath: //a[@href='/login']is found
19:20:23.334 INFO  manage.MyListener Start searching element by: By.xpath: //input[@name='email']
19:20:23.367 INFO  manage.MyListener The element with locator By.xpath: //input[@name='email']is found
19:20:23.571 INFO  manage.MyListener Start searching element by: By.xpath: //input[@name='password']
19:20:23.588 INFO  manage.MyListener The element with locator By.xpath: //input[@name='password']is found
19:20:23.783 INFO  manage.MyListener Start searching element by: By.xpath: //button[@type='submit']
19:20:23.801 INFO  manage.MyListener The element with locator By.xpath: //button[@type='submit']is found
19:20:23.859 INFO  manage.MyListener Start searching element by: By.xpath: //button[.='Sign Out']
19:20:24.502 INFO  manage.MyListener The element with locator By.xpath: //button[.='Sign Out']is found
19:20:24.504 INFO  tests.TestBase ******** Finish test ******
19:20:24.506 INFO  tests.TestBase ******** Start test public void tests.LoginTests.loginPositiveTestConfig()
19:20:24.506 INFO  manage.MyListener Start searching element by: By.xpath: //button[.='Sign Out']
19:20:24.533 INFO  manage.MyListener The element with locator By.xpath: //button[.='Sign Out']is found
19:20:24.533 INFO  manage.MyListener Start searching element by: By.xpath: //button[.='Sign Out']
19:20:24.562 INFO  manage.MyListener The element with locator By.xpath: //button[.='Sign Out']is found
19:20:24.631 INFO  manage.MyListener Start searching element by: By.xpath: //a[@href='/login']
19:20:24.657 INFO  manage.MyListener The element with locator By.xpath: //a[@href='/login']is found
19:20:24.716 INFO  manage.MyListener Start searching element by: By.xpath: //input[1]
19:20:24.789 INFO  manage.MyListener The element with locator By.xpath: //input[1]is found
19:20:24.979 INFO  manage.MyListener Start searching element by: By.xpath: //input[2]
19:20:25.006 INFO  manage.MyListener The element with locator By.xpath: //input[2]is found
19:20:25.194 INFO  manage.MyListener Start searching element by: By.xpath: //button[@type='submit']
19:20:25.217 INFO  manage.MyListener The element with locator By.xpath: //button[@type='submit']is found
19:20:25.281 INFO  manage.MyListener Start searching element by: By.xpath: //button[.='Sign Out']
19:20:25.620 INFO  manage.MyListener The element with locator By.xpath: //button[.='Sign Out']is found
19:20:25.621 INFO  tests.TestBase ******** Finish test ******
19:20:25.623 INFO  tests.TestBase ******** Start test public void tests.RegistrationTests.registrationNegativeTestWrongEmail()
19:20:25.627 INFO  tests.TestBase ******** Finish test ******
19:20:25.628 INFO  tests.TestBase ******** Start test public void tests.RegistrationTests.registrationPositiveTest()
19:20:25.631 INFO  tests.TestBase ******** Finish test ******
19:20:25.632 INFO  tests.TestBase ******** Start test public void tests.RegistrationTests.registrationPositiveTestCSV(model.User)
19:20:25.632 INFO  tests.TestBase ******** Finish test ******
19:20:25.633 INFO  tests.TestBase ******** Start test public void tests.RegistrationTests.registrationPositiveTestCSV(model.User)
19:20:25.636 INFO  tests.TestBase ******** Finish test ******
19:20:25.637 INFO  tests.TestBase ******** Start test public void tests.RegistrationTests.registrationPositiveTestCSV(model.User)
19:20:25.641 INFO  tests.TestBase ******** Finish test ******
19:20:25.643 INFO  tests.TestBase ******** Start test public void tests.RegistrationTests.registrationPositiveTestCSV(model.User)
19:20:25.648 INFO  tests.TestBase ******** Finish test ******
19:20:25.648 INFO  tests.TestBase ******** Start test public void tests.RegistrationTests.registrationPositiveTestCSV(model.User)
19:20:25.649 INFO  tests.TestBase ******** Finish test ******
19:20:25.650 INFO  tests.TestBase ******** Start test public void tests.RegistrationTests.registrationPositiveTestCSV(model.User)
19:20:25.650 INFO  tests.TestBase ******** Finish test ******
