15:39:07.450 INFO  tests.TestBase ******** Start test public void tests.LoginTests.loginNegativeTestWrongEmail()
15:39:07.460 INFO  manage.MyListener Start searching element by: By.xpath: //button[.='Sign Out']
15:39:17.517 INFO  manage.MyListener The element with locator By.xpath: //button[.='Sign Out']is found
15:39:17.520 INFO  manage.MyListener Start searching element by: By.xpath: //a[@href='/login']
15:39:17.553 INFO  manage.MyListener The element with locator By.xpath: //a[@href='/login']is found
15:39:17.652 INFO  manage.MyListener Start searching element by: By.xpath: //input[@name='emai']
15:39:27.748 INFO  manage.MyListener Something went wrong!
15:39:27.748 INFO  manage.MyListener no such element: Unable to locate element: {"method":"xpath","selector":"//input[@name='emai']"}
  (Session info: chrome=119.0.6045.160)
For documentation on this error, please visit: https://www.seleniumhq.org/exceptions/no_such_element.html
Build info: version: '3.141.59', revision: 'e82be7d358', time: '2018-11-14T08:17:03'
System info: host: 'DESKTOP-MMEUCUR', ip: '192.168.0.106', os.name: 'Windows 10', os.arch: 'amd64', os.version: '10.0', java.version: '1.8.0_301'
Driver info: org.openqa.selenium.chrome.ChromeDriver
Capabilities {acceptInsecureCerts: false, browserName: chrome, browserVersion: 119.0.6045.160, chrome: {chromedriverVersion: 119.0.6045.105 (38c72552c5e..., userDataDir: C:\Users\Renata\AppData\Loc...}, fedcm:accounts: true, goog:chromeOptions: {debuggerAddress: localhost:57453}, javascriptEnabled: true, networkConnectionEnabled: false, pageLoadStrategy: normal, platform: WINDOWS, platformName: WINDOWS, proxy: Proxy(), setWindowRect: true, strictFileInteractability: false, timeouts: {implicit: 0, pageLoad: 300000, script: 30000}, unhandledPromptBehavior: dismiss and notify, webauthn:extension:credBlob: true, webauthn:extension:largeBlob: true, webauthn:extension:minPinLength: true, webauthn:extension:prf: true, webauthn:virtualAuthenticators: true}
Session ID: d708d0782035bbb7b8dfbadeb5333f5e
*** Element info: {Using=xpath, value=//input[@name='emai']}
15:39:27.787 INFO  manage.MyListener no such element: Unable to locate element: {"method":"xpath","selector":"//input[@name='emai']"}
  (Session info: chrome=119.0.6045.160)
For documentation on this error, please visit: https://www.seleniumhq.org/exceptions/no_such_element.html
Build info: version: '3.141.59', revision: 'e82be7d358', time: '2018-11-14T08:17:03'
System info: host: 'DESKTOP-MMEUCUR', ip: '192.168.0.106', os.name: 'Windows 10', os.arch: 'amd64', os.version: '10.0', java.version: '1.8.0_301'
Driver info: org.openqa.selenium.chrome.ChromeDriver
Capabilities {acceptInsecureCerts: false, browserName: chrome, browserVersion: 119.0.6045.160, chrome: {chromedriverVersion: 119.0.6045.105 (38c72552c5e..., userDataDir: C:\Users\Renata\AppData\Loc...}, fedcm:accounts: true, goog:chromeOptions: {debuggerAddress: localhost:57453}, javascriptEnabled: true, networkConnectionEnabled: false, pageLoadStrategy: normal, platform: WINDOWS, platformName: WINDOWS, proxy: Proxy(), setWindowRect: true, strictFileInteractability: false, timeouts: {implicit: 0, pageLoad: 300000, script: 30000}, unhandledPromptBehavior: dismiss and notify, webauthn:extension:credBlob: true, webauthn:extension:largeBlob: true, webauthn:extension:minPinLength: true, webauthn:extension:prf: true, webauthn:virtualAuthenticators: true}
Session ID: d708d0782035bbb7b8dfbadeb5333f5e
*** Element info: {Using=xpath, value=//input[@name='emai']}
15:39:28.325 INFO  manage.MyListener Here is the link to screenshot src/test/screenshots/screenshot-2367.png
15:39:28.333 INFO  tests.TestBase ******** Finish test ******
